Copyright 1986-2019 Xilinx, Inc. All Rights Reserved.
--------------------------------------------------------------------------------------------------------------------------------------------------------------------------------------
| Tool Version : Vivado v.2019.2 (win64) Build 2708876 Wed Nov  6 21:40:23 MST 2019
| Date         : Sat Aug 29 22:24:50 2020
| Host         : DESKTOP-CVRIOJD running 64-bit major release  (build 9200)
| Command      : report_methodology -file BCD_7SegDataFlow_methodology_drc_routed.rpt -pb BCD_7SegDataFlow_methodology_drc_routed.pb -rpx BCD_7SegDataFlow_methodology_drc_routed.rpx
| Design       : BCD_7SegDataFlow
| Device       : xa7a100tcsg324-1I
| Speed File   : -1I
| Design State : Fully Routed
--------------------------------------------------------------------------------------------------------------------------------------------------------------------------------------

Report Methodology

Table of Contents
-----------------
1. REPORT SUMMARY
2. REPORT DETAILS

1. REPORT SUMMARY
-----------------
            Netlist: netlist
          Floorplan: design_1
      Design limits: <entire design considered>
             Max violations: <unlimited>
             Violations found: 0
+------+----------+-------------+------------+
| Rule | Severity | Description | Violations |
+------+----------+-------------+------------+
+------+----------+-------------+------------+

2. REPORT DETAILS
-----------------

